Log file open, 05/06/19 13:15:39
LogWindows: Failed to load 'aqProf.dll' (GetLastError=126)
LogWindows: File 'aqProf.dll' does not exist
LogWindows: Failed to load 'VtuneApi.dll' (GetLastError=126)
LogWindows: File 'VtuneApi.dll' does not exist
LogWindows: Failed to load 'VtuneApi32e.dll' (GetLastError=126)
LogWindows: File 'VtuneApi32e.dll' does not exist
LogConsoleResponse: Display: Failed to find resolution value strings in scalability ini. Falling back to default.
LogInit: Display: Running engine for game: Black_Hat
LogPakFile: Registered encryption key '00000000000000000000000000000000': 0 pak files mounted, 0 remain pending
LogPlatformFile: Not using cached read wrapper
LogTaskGraph: Started task graph with 5 named threads and 14 total threads with 3 sets of task threads.
LogStats: Stats thread started at 0.164274
LogD3D11RHI: Loaded GFSDK_Aftermath_Lib.x64.dll
LogICUInternationalization: ICU TimeZone Detection - Raw Offset: -5:00, Platform Override: ''
LogPluginManager: Mounting plugin Paper2D
LogPluginManager: Mounting plugin AISupport
LogPluginManager: Mounting plugin LightPropagationVolume
LogPluginManager: Mounting plugin ActorLayerUtilities
LogPluginManager: Mounting plugin AnimationSharing
LogPluginManager: Mounting plugin CLionSourceCodeAccess
LogPluginManager: Mounting plugin CodeLiteSourceCodeAccess
LogPluginManager: Mounting plugin GitSourceControl
LogPluginManager: Mounting plugin KDevelopSourceCodeAccess
LogPluginManager: Mounting plugin NullSourceCodeAccess
LogPluginManager: Mounting plugin PerforceSourceControl
LogPluginManager: Mounting plugin SubversionSourceControl
LogPluginManager: Mounting plugin UObjectPlugin
LogPluginManager: Mounting plugin VisualStudioCodeSourceCodeAccess
LogPluginManager: Mounting plugin VisualStudioSourceCodeAccess
LogPluginManager: Mounting plugin XCodeSourceCodeAccess
LogPluginManager: Mounting plugin AssetManagerEditor
LogPluginManager: Mounting plugin CryptoKeys
LogPluginManager: Mounting plugin DataValidation
LogPluginManager: Mounting plugin FacialAnimation
LogPluginManager: Mounting plugin GameplayTagsEditor
LogPluginManager: Mounting plugin MacGraphicsSwitching
LogPluginManager: Mounting plugin MaterialAnalyzer
LogPluginManager: Mounting plugin MobileLauncherProfileWizard
LogPluginManager: Mounting plugin PluginBrowser
LogPluginManager: Mounting plugin SpeedTreeImporter
LogPluginManager: Mounting plugin DatasmithContent
LogPluginManager: Mounting plugin VariantManagerContent
LogPluginManager: Mounting plugin AlembicImporter
LogPluginManager: Mounting plugin AppleImageUtils
LogPluginManager: Mounting plugin AppleVision
LogPluginManager: Mounting plugin BackChannel
LogPluginManager: Mounting plugin CharacterAI
LogPluginManager: Mounting plugin GeometryCache
LogPluginManager: Mounting plugin HTML5Networking
LogPluginManager: Mounting plugin ProxyLODPlugin
LogPluginManager: Mounting plugin SkeletalReduction
LogPluginManager: Mounting plugin MagicLeap
LogPluginManager: Mounting plugin MagicLeapMedia
LogPluginManager: Mounting plugin AndroidMedia
LogPluginManager: Mounting plugin AvfMedia
LogPluginManager: Mounting plugin ImgMedia
LogPluginManager: Mounting plugin LinearTimecode
LogPluginManager: Mounting plugin MediaCompositing
LogPluginManager: Mounting plugin MediaPlayerEditor
LogPluginManager: Mounting plugin WebMMedia
LogPluginManager: Mounting plugin WmfMedia
LogPluginManager: Mounting plugin TcpMessaging
LogPluginManager: Mounting plugin UdpMessaging
LogPluginManager: Mounting plugin ActorSequence
LogPluginManager: Mounting plugin LevelSequenceEditor
LogPluginManager: Mounting plugin MatineeToLevelSequence
LogPluginManager: Mounting plugin NetcodeUnitTest
LogPluginManager: Mounting plugin NUTUnrealEngine4
LogPluginManager: Mounting plugin OnlineSubsystemGooglePlay
LogPluginManager: Mounting plugin OnlineSubsystemIOS
LogPluginManager: Mounting plugin OnlineSubsystem
LogPluginManager: Mounting plugin OnlineSubsystemNull
LogPluginManager: Mounting plugin OnlineSubsystemUtils
LogPluginManager: Mounting plugin LauncherChunkInstaller
LogPluginManager: Mounting plugin AndroidDeviceProfileSelector
LogPluginManager: Mounting plugin AndroidMoviePlayer
LogPluginManager: Mounting plugin AndroidPermission
LogPluginManager: Mounting plugin AppleMoviePlayer
LogPluginManager: Mounting plugin ArchVisCharacter
LogPluginManager: Mounting plugin AudioCapture
LogPluginManager: Mounting plugin CableComponent
LogPluginManager: Mounting plugin CustomMeshComponent
LogPluginManager: Mounting plugin EditableMesh
LogPluginManager: Mounting plugin ExampleDeviceProfileSelector
LogPluginManager: Mounting plugin Firebase
LogPluginManager: Mounting plugin GoogleCloudMessaging
LogPluginManager: Mounting plugin IOSDeviceProfileSelector
LogPluginManager: Mounting plugin LinuxDeviceProfileSelector
LogPluginManager: Mounting plugin LocationServicesBPLibrary
LogPluginManager: Mounting plugin MobilePatchingUtils
LogPluginManager: Mounting plugin OculusVR
LogPluginManager: Mounting plugin PhysXVehicles
LogPluginManager: Mounting plugin ProceduralMeshComponent
LogPluginManager: Mounting plugin RuntimePhysXCooking
LogPluginManager: Mounting plugin SignificanceManager
LogPluginManager: Mounting plugin SteamVR
LogPluginManager: Mounting plugin WebMMoviePlayer
LogPluginManager: Mounting plugin WindowsMoviePlayer
LogInit: Using libcurl 7.55.1-DEV
LogInit:  - built for x86_64-pc-win32
LogInit:  - supports SSL with OpenSSL/1.1.1
LogInit:  - supports HTTP deflate (compression) using libz 1.2.8
LogInit:  - other features:
LogInit:      CURL_VERSION_SSL
LogInit:      CURL_VERSION_LIBZ
LogInit:      CURL_VERSION_IPV6
LogInit:      CURL_VERSION_ASYNCHDNS
LogInit:      CURL_VERSION_LARGEFILE
LogInit:      CURL_VERSION_IDN
LogInit:  CurlRequestOptions (configurable via config and command line):
LogInit:  - bVerifyPeer = true  - Libcurl will verify peer certificate
LogInit:  - bUseHttpProxy = false  - Libcurl will NOT use HTTP proxy
LogInit:  - bDontReuseConnections = false  - Libcurl will reuse connections
LogInit:  - MaxHostConnections = 16  - Libcurl will limit the number of connections to a host
LogInit:  - LocalHostAddr = Default
LogInit:  - BufferSize = 65536
LogInit: WinSock: version 1.1 (2.2), MaxSocks=32767, MaxUdp=65467
LogInit: Build: ++UE4+Release-4.22-CL-6063286
LogInit: Engine Version: 4.22.1-6063286+++UE4+Release-4.22
LogInit: Compatible Engine Version: 4.22.0-5660361+++UE4+Release-4.22
LogInit: Net CL: 5660361
LogInit: OS: Windows 10 (Release 1803) (), CPU: Intel(R) Core(TM) i5-6600K CPU @ 3.50GHz, GPU: NVIDIA GeForce GTX 1070
LogInit: Compiled (64-bit): Apr 24 2019 04:36:48
LogInit: Compiled with Visual C++: 19.16.27025.01
LogInit: Build Configuration: Development
LogInit: Branch Name: ++UE4+Release-4.22
LogInit: Command Line: 
LogInit: Base Directory: C:/Program Files/Epic Games/UE_4.22/Engine/Binaries/Win64/
LogInit: Installed Engine Build: 1
LogDevObjectVersion: Number of dev versions registered: 23
LogDevObjectVersion:   Dev-Blueprints (B0D832E4-1F89-4F0D-ACCF-7EB736FD4AA2): 10
LogDevObjectVersion:   Dev-Build (E1C64328-A22C-4D53-A36C-8E866417BD8C): 0
LogDevObjectVersion:   Dev-Core (375EC13C-06E4-48FB-B500-84F0262A717E): 3
LogDevObjectVersion:   Dev-Editor (E4B068ED-F494-42E9-A231-DA0B2E46BB41): 30
LogDevObjectVersion:   Dev-Framework (CFFC743F-43B0-4480-9391-14DF171D2073): 35
LogDevObjectVersion:   Dev-Mobile (B02B49B5-BB20-44E9-A304-32B752E40360): 2
LogDevObjectVersion:   Dev-Networking (A4E4105C-59A1-49B5-A7C5-40C4547EDFEE): 0
LogDevObjectVersion:   Dev-Online (39C831C9-5AE6-47DC-9A44-9C173E1C8E7C): 0
LogDevObjectVersion:   Dev-Physics (78F01B33-EBEA-4F98-B9B4-84EACCB95AA2): 0
LogDevObjectVersion:   Dev-Platform (6631380F-2D4D-43E0-8009-CF276956A95A): 0
LogDevObjectVersion:   Dev-Rendering (12F88B9F-8875-4AFC-A67C-D90C383ABD29): 28
LogDevObjectVersion:   Dev-Sequencer (7B5AE74C-D270-4C10-A958-57980B212A5A): 11
LogDevObjectVersion:   Dev-VR (D7296918-1DD6-4BDD-9DE2-64A83CC13884): 2
LogDevObjectVersion:   Dev-LoadTimes (C2A15278-BFE7-4AFE-6C17-90FF531DF755): 1
LogDevObjectVersion:   Private-Geometry (6EACA3D4-40EC-4CC1-B786-8BED09428FC5): 3
LogDevObjectVersion:   Dev-AnimPhys (29E575DD-E0A3-4627-9D10-D276232CDCEA): 17
LogDevObjectVersion:   Dev-Anim (AF43A65D-7FD3-4947-9873-3E8ED9C1BB05): 2
LogDevObjectVersion:   Dev-ReflectionCapture (6B266CEC-1EC7-4B8F-A30B-E4D90942FC07): 1
LogDevObjectVersion:   Dev-Automation (0DF73D61-A23F-47EA-B727-89E90C41499A): 1
LogDevObjectVersion:   FortniteMain (601D1886-AC64-4F84-AA16-D3DE0DEAC7D6): 25
LogDevObjectVersion:   Dev-Enterprise (9DFFBCD6-494F-0158-E221-12823C92A888): 6
LogDevObjectVersion:   Dev-Niagara (F2AED0AC-9AFE-416F-8664-AA7FFA26D6FC): 1
LogDevObjectVersion:   Dev-Destruction (174F1F0B-B4C6-45A5-B13F-2EE8D0FB917D): 2
LogInit: Presizing for max 16777216 objects, including 0 objects not considered by GC, pre-allocating 0 bytes for permanent pool.
LogInit: Object subsystem initialized
LogConfig: Setting CVar [[con.DebugEarlyDefault:1]]
LogConfig: Setting CVar [[r.setres:1280x720]]
[2019.05.06-17.15.39:895][  0]LogConfig: Setting CVar [[r.VSync:0]]
[2019.05.06-17.15.39:895][  0]LogConfig: Setting CVar [[r.RHICmdBypass:0]]
[2019.05.06-17.15.39:895][  0]LogConfig: Applying CVar settings from Section [/Script/Engine.RendererSettings] File [C:/Users/Dragos/Desktop/Sogarde Studios/Black Hat/Black-Hat/Black_Hat/Saved/Config/Windows/Engine.ini]
[2019.05.06-17.15.39:895][  0]LogConfig: Setting CVar [[r.GPUCrashDebugging:0]]
[2019.05.06-17.15.39:895][  0]LogConfig: Applying CVar settings from Section [/Script/Engine.RendererOverrideSettings] File [C:/Users/Dragos/Desktop/Sogarde Studios/Black Hat/Black-Hat/Black_Hat/Saved/Config/Windows/Engine.ini]
[2019.05.06-17.15.39:895][  0]LogConfig: Applying CVar settings from Section [/Script/Engine.StreamingSettings] File [C:/Users/Dragos/Desktop/Sogarde Studios/Black Hat/Black-Hat/Black_Hat/Saved/Config/Windows/Engine.ini]
[2019.05.06-17.15.39:895][  0]LogConfig: Setting CVar [[s.MinBulkDataSizeForAsyncLoading:131072]]
[2019.05.06-17.15.39:895][  0]LogConfig: Setting CVar [[s.AsyncLoadingThreadEnabled:0]]
[2019.05.06-17.15.39:895][  0]LogConfig: Setting CVar [[s.EventDrivenLoaderEnabled:1]]
[2019.05.06-17.15.39:895][  0]LogConfig: Setting CVar [[s.WarnIfTimeLimitExceeded:0]]
[2019.05.06-17.15.39:895][  0]LogConfig: Setting CVar [[s.TimeLimitExceededMultiplier:1.5]]
[2019.05.06-17.15.39:895][  0]LogConfig: Setting CVar [[s.TimeLimitExceededMinTime:0.005]]
[2019.05.06-17.15.39:895][  0]LogConfig: Setting CVar [[s.UseBackgroundLevelStreaming:1]]
[2019.05.06-17.15.39:895][  0]LogConfig: Setting CVar [[s.PriorityAsyncLoadingExtraTime:15.0]]
[2019.05.06-17.15.39:895][  0]LogConfig: Setting CVar [[s.LevelStreamingActorsUpdateTimeLimit:5.0]]
[2019.05.06-17.15.39:895][  0]LogConfig: Setting CVar [[s.PriorityLevelStreamingActorsUpdateExtraTime:5.0]]
[2019.05.06-17.15.39:895][  0]LogConfig: Setting CVar [[s.LevelStreamingComponentsRegistrationGranularity:10]]
[2019.05.06-17.15.39:895][  0]LogConfig: Setting CVar [[s.UnregisterComponentsTimeLimit:1.0]]
[2019.05.06-17.15.39:895][  0]LogConfig: Setting CVar [[s.LevelStreamingComponentsUnregistrationGranularity:5]]
[2019.05.06-17.15.39:895][  0]LogConfig: Applying CVar settings from Section [/Script/Engine.GarbageCollectionSettings] File [C:/Users/Dragos/Desktop/Sogarde Studios/Black Hat/Black-Hat/Black_Hat/Saved/Config/Windows/Engine.ini]
[2019.05.06-17.15.39:895][  0]LogConfig: Setting CVar [[gc.MaxObjectsNotConsideredByGC:1]]
[2019.05.06-17.15.39:895][  0]LogConfig: Setting CVar [[gc.SizeOfPermanentObjectPool:0]]
[2019.05.06-17.15.39:895][  0]LogConfig: Setting CVar [[gc.FlushStreamingOnGC:0]]
[2019.05.06-17.15.39:895][  0]LogConfig: Setting CVar [[gc.NumRetriesBeforeForcingGC:10]]
[2019.05.06-17.15.39:895][  0]LogConfig: Setting CVar [[gc.AllowParallelGC:1]]
[2019.05.06-17.15.39:895][  0]LogConfig: Setting CVar [[gc.TimeBetweenPurgingPendingKillObjects:61.1]]
[2019.05.06-17.15.39:895][  0]LogConfig: Setting CVar [[gc.MaxObjectsInEditor:16777216]]
[2019.05.06-17.15.39:895][  0]LogConfig: Setting CVar [[gc.IncrementalBeginDestroyEnabled:1]]
[2019.05.06-17.15.39:895][  0]LogConfig: Setting CVar [[gc.CreateGCClusters:1]]
[2019.05.06-17.15.39:895][  0]LogConfig: Setting CVar [[gc.MinGCClusterSize:5]]
[2019.05.06-17.15.39:895][  0]LogConfig: Setting CVar [[gc.ActorClusteringEnabled:0]]
[2019.05.06-17.15.39:895][  0]LogConfig: Setting CVar [[gc.BlueprintClusteringEnabled:0]]
[2019.05.06-17.15.39:895][  0]LogConfig: Setting CVar [[gc.UseDisregardForGCOnDedicatedServers:0]]
[2019.05.06-17.15.39:895][  0]LogConfig: Applying CVar settings from Section [/Script/Engine.NetworkSettings] File [C:/Users/Dragos/Desktop/Sogarde Studios/Black Hat/Black-Hat/Black_Hat/Saved/Config/Windows/Engine.ini]
[2019.05.06-17.15.39:895][  0]LogConfig: Applying CVar settings from Section [/Script/UnrealEd.CookerSettings] File [C:/Users/Dragos/Desktop/Sogarde Studios/Black Hat/Black-Hat/Black_Hat/Saved/Config/Windows/Engine.ini]
[2019.05.06-17.15.39:900][  0]LogConfig: Applying CVar settings from Section [ViewDistanceQuality@3] File [C:/Users/Dragos/Desktop/Sogarde Studios/Black Hat/Black-Hat/Black_Hat/Saved/Config/Windows/Scalability.ini]
[2019.05.06-17.15.39:900][  0]LogConfig: Setting CVar [[r.SkeletalMeshLODBias:0]]
[2019.05.06-17.15.39:900][  0]LogConfig: Setting CVar [[r.ViewDistanceScale:1.0]]
[2019.05.06-17.15.39:900][  0]LogConfig: Applying CVar settings from Section [AntiAliasingQuality@3] File [C:/Users/Dragos/Desktop/Sogarde Studios/Black Hat/Black-Hat/Black_Hat/Saved/Config/Windows/Scalability.ini]
[2019.05.06-17.15.39:900][  0]LogConfig: Setting CVar [[r.PostProcessAAQuality:4]]
[2019.05.06-17.15.39:900][  0]LogConfig: Applying CVar settings from Section [ShadowQuality@3] File [C:/Users/Dragos/Desktop/Sogarde Studios/Black Hat/Black-Hat/Black_Hat/Saved/Config/Windows/Scalability.ini]
[2019.05.06-17.15.39:900][  0]LogConfig: Setting CVar [[r.LightFunctionQuality:1]]
[2019.05.06-17.15.39:900][  0]LogConfig: Setting CVar [[r.ShadowQuality:5]]
[2019.05.06-17.15.39:900][  0]LogConfig: Setting CVar [[r.Shadow.CSM.MaxCascades:10]]
[2019.05.06-17.15.39:901][  0]LogConfig: Setting CVar [[r.Shadow.MaxResolution:2048]]
[2019.05.06-17.15.39:901][  0]LogConfig: Setting CVar [[r.Shadow.MaxCSMResolution:2048]]
[2019.05.06-17.15.39:901][  0]LogConfig: Setting CVar [[r.Shadow.RadiusThreshold:0.01]]
[2019.05.06-17.15.39:901][  0]LogConfig: Setting CVar [[r.Shadow.DistanceScale:1.0]]
[2019.05.06-17.15.39:901][  0]LogConfig: Setting CVar [[r.Shadow.CSM.TransitionScale:1.0]]
[2019.05.06-17.15.39:901][  0]LogConfig: Setting CVar [[r.Shadow.PreShadowResolutionFactor:1.0]]
[2019.05.06-17.15.39:901][  0]LogConfig: Setting CVar [[r.DistanceFieldShadowing:1]]
[2019.05.06-17.15.39:901][  0]LogConfig: Setting CVar [[r.DistanceFieldAO:1]]
[2019.05.06-17.15.39:901][  0]LogConfig: Setting CVar [[r.AOQuality:2]]
[2019.05.06-17.15.39:901][  0]LogConfig: Setting CVar [[r.VolumetricFog:1]]
[2019.05.06-17.15.39:901][  0]LogConfig: Setting CVar [[r.VolumetricFog.GridPixelSize:8]]
[2019.05.06-17.15.39:901][  0]LogConfig: Setting CVar [[r.VolumetricFog.GridSizeZ:128]]
[2019.05.06-17.15.39:901][  0]LogConfig: Setting CVar [[r.VolumetricFog.HistoryMissSupersampleCount:4]]
[2019.05.06-17.15.39:901][  0]LogConfig: Setting CVar [[r.LightMaxDrawDistanceScale:1]]
[2019.05.06-17.15.39:901][  0]LogConfig: Setting CVar [[r.CapsuleShadows:1]]
[2019.05.06-17.15.39:901][  0]LogConfig: Applying CVar settings from Section [PostProcessQuality@3] File [C:/Users/Dragos/Desktop/Sogarde Studios/Black Hat/Black-Hat/Black_Hat/Saved/Config/Windows/Scalability.ini]
[2019.05.06-17.15.39:901][  0]LogConfig: Setting CVar [[r.MotionBlurQuality:4]]
[2019.05.06-17.15.39:901][  0]LogConfig: Setting CVar [[r.AmbientOcclusionMipLevelFactor:0.4]]
[2019.05.06-17.15.39:901][  0]LogConfig: Setting CVar [[r.AmbientOcclusionMaxQuality:100]]
[2019.05.06-17.15.39:901][  0]LogConfig: Setting CVar [[r.AmbientOcclusionLevels:-1]]
[2019.05.06-17.15.39:901][  0]LogConfig: Setting CVar [[r.AmbientOcclusionRadiusScale:1.0]]
[2019.05.06-17.15.39:901][  0]LogConfig: Setting CVar [[r.DepthOfFieldQuality:2]]
[2019.05.06-17.15.39:901][  0]LogConfig: Setting CVar [[r.RenderTargetPoolMin:400]]
[2019.05.06-17.15.39:901][  0]LogConfig: Setting CVar [[r.LensFlareQuality:2]]
[2019.05.06-17.15.39:901][  0]LogConfig: Setting CVar [[r.SceneColorFringeQuality:1]]
[2019.05.06-17.15.39:901][  0]LogConfig: Setting CVar [[r.EyeAdaptationQuality:2]]
[2019.05.06-17.15.39:901][  0]LogConfig: Setting CVar [[r.BloomQuality:5]]
[2019.05.06-17.15.39:901][  0]LogConfig: Setting CVar [[r.FastBlurThreshold:100]]
[2019.05.06-17.15.39:901][  0]LogConfig: Setting CVar [[r.Upscale.Quality:3]]
[2019.05.06-17.15.39:901][  0]LogConfig: Setting CVar [[r.Tonemapper.GrainQuantization:1]]
[2019.05.06-17.15.39:901][  0]LogConfig: Setting CVar [[r.LightShaftQuality:1]]
[2019.05.06-17.15.39:901][  0]LogConfig: Setting CVar [[r.Filter.SizeScale:1]]
[2019.05.06-17.15.39:901][  0]LogConfig: Setting CVar [[r.Tonemapper.Quality:5]]
[2019.05.06-17.15.39:901][  0]LogConfig: Setting CVar [[r.DOF.Gather.AccumulatorQuality:1        ; higher gathering accumulator quality]]
[2019.05.06-17.15.39:901][  0]LogConfig: Setting CVar [[r.DOF.Gather.PostfilterMethod:1          ; Median3x3 postfilering method]]
[2019.05.06-17.15.39:901][  0]LogConfig: Setting CVar [[r.DOF.Gather.EnableBokehSettings:0       ; no bokeh simulation when gathering]]
[2019.05.06-17.15.39:901][  0]LogConfig: Setting CVar [[r.DOF.Gather.RingCount:4                 ; medium number of samples when gathering]]
[2019.05.06-17.15.39:901][  0]LogConfig: Setting CVar [[r.DOF.Scatter.ForegroundCompositing:1    ; additive foreground scattering]]
[2019.05.06-17.15.39:901][  0]LogConfig: Setting CVar [[r.DOF.Scatter.BackgroundCompositing:2    ; additive background scattering]]
[2019.05.06-17.15.39:901][  0]LogConfig: Setting CVar [[r.DOF.Scatter.EnableBokehSettings:1      ; bokeh simulation when scattering]]
[2019.05.06-17.15.39:901][  0]LogConfig: Setting CVar [[r.DOF.Scatter.MaxSpriteRatio:0.1         ; only a maximum of 10% of scattered bokeh]]
[2019.05.06-17.15.39:901][  0]LogConfig: Setting CVar [[r.DOF.Recombine.Quality:1                ; cheap slight out of focus]]
[2019.05.06-17.15.39:901][  0]LogConfig: Setting CVar [[r.DOF.Recombine.EnableBokehSettings:0    ; no bokeh simulation on slight out of focus]]
[2019.05.06-17.15.39:901][  0]LogConfig: Setting CVar [[r.DOF.TemporalAAQuality:1                ; more stable temporal accumulation]]
[2019.05.06-17.15.39:901][  0]LogConfig: Setting CVar [[r.DOF.Kernel.MaxForegroundRadius:0.025]]
[2019.05.06-17.15.39:901][  0]LogConfig: Setting CVar [[r.DOF.Kernel.MaxBackgroundRadius:0.025]]
[2019.05.06-17.15.39:901][  0]LogConfig: Applying CVar settings from Section [TextureQuality@3] File [C:/Users/Dragos/Desktop/Sogarde Studios/Black Hat/Black-Hat/Black_Hat/Saved/Config/Windows/Scalability.ini]
[2019.05.06-17.15.39:901][  0]LogConfig: Setting CVar [[r.Streaming.MipBias:0]]
[2019.05.06-17.15.39:901][  0]LogConfig: Setting CVar [[r.Streaming.AmortizeCPUToGPUCopy:0]]
[2019.05.06-17.15.39:901][  0]LogConfig: Setting CVar [[r.Streaming.MaxNumTexturesToStreamPerFrame:0]]
[2019.05.06-17.15.39:901][  0]LogConfig: Setting CVar [[r.Streaming.Boost:1]]
[2019.05.06-17.15.39:901][  0]LogConfig: Setting CVar [[r.MaxAnisotropy:8]]
[2019.05.06-17.15.39:901][  0]LogConfig: Setting CVar [[r.Streaming.LimitPoolSizeToVRAM:0]]
[2019.05.06-17.15.39:901][  0]LogConfig: Setting CVar [[r.Streaming.PoolSize:1000]]
[2019.05.06-17.15.39:901][  0]LogConfig: Setting CVar [[r.Streaming.MaxEffectiveScreenSize:0]]
[2019.05.06-17.15.39:901][  0]LogConfig: Applying CVar settings from Section [EffectsQuality@3] File [C:/Users/Dragos/Desktop/Sogarde Studios/Black Hat/Black-Hat/Black_Hat/Saved/Config/Windows/Scalability.ini]
[2019.05.06-17.15.39:901][  0]LogConfig: Setting CVar [[r.TranslucencyLightingVolumeDim:64]]
[2019.05.06-17.15.39:901][  0]LogConfig: Setting CVar [[r.RefractionQuality:2]]
[2019.05.06-17.15.39:901][  0]LogConfig: Setting CVar [[r.SSR.Quality:3]]
[2019.05.06-17.15.39:901][  0]LogConfig: Setting CVar [[r.SceneColorFormat:4]]
[2019.05.06-17.15.39:901][  0]LogConfig: Setting CVar [[r.DetailMode:2]]
[2019.05.06-17.15.39:901][  0]LogConfig: Setting CVar [[r.TranslucencyVolumeBlur:1]]
[2019.05.06-17.15.39:901][  0]LogConfig: Setting CVar [[r.MaterialQualityLevel:1 ; High quality]]
[2019.05.06-17.15.39:901][  0]LogConfig: Setting CVar [[r.SSS.Scale:1]]
[2019.05.06-17.15.39:901][  0]LogConfig: Setting CVar [[r.SSS.SampleSet:2]]
[2019.05.06-17.15.39:901][  0]LogConfig: Setting CVar [[r.SSS.Quality:1]]
[2019.05.06-17.15.39:901][  0]LogConfig: Setting CVar [[r.SSS.HalfRes:1]]
[2019.05.06-17.15.39:901][  0]LogConfig: Setting CVar [[r.EmitterSpawnRateScale:1.0]]
[2019.05.06-17.15.39:901][  0]LogConfig: Setting CVar [[r.ParticleLightQuality:2]]
[2019.05.06-17.15.39:901][  0]LogConfig: Applying CVar settings from Section [FoliageQuality@3] File [C:/Users/Dragos/Desktop/Sogarde Studios/Black Hat/Black-Hat/Black_Hat/Saved/Config/Windows/Scalability.ini]
[2019.05.06-17.15.39:901][  0]LogConfig: Setting CVar [[foliage.DensityScale:1.0]]
[2019.05.06-17.15.39:901][  0]LogConfig: Setting CVar [[grass.DensityScale:1.0]]
[2019.05.06-17.15.39:901][  0]LogInit: Selected Device Profile: [Windows]
[2019.05.06-17.15.39:902][  0]LogInit: Applying CVar settings loaded from the selected device profile: [Windows]
[2019.05.06-17.15.39:914][  0]LogHAL: Display: Platform has ~ 16 GB [17081683968 / 17179869184 / 16], which maps to Larger [LargestMinGB=32, LargerMinGB=12, DefaultMinGB=8, SmallerMinGB=6, SmallestMinGB=0)
[2019.05.06-17.15.39:914][  0]LogConfig: Setting CVar [[r.Vulkan.UseRealUBs:0		; Required until we fix HLR fall-out]]
[2019.05.06-17.15.39:914][  0]LogInit: Going up to parent DeviceProfile []
[2019.05.06-17.15.39:914][  0]LogConfig: Applying CVar settings from Section [ViewDistanceQuality@3] File [C:/Users/Dragos/Desktop/Sogarde Studios/Black Hat/Black-Hat/Black_Hat/Saved/Config/Windows/Scalability.ini]
[2019.05.06-17.15.39:914][  0]LogConfig: Setting CVar [[r.SkeletalMeshLODBias:0]]
[2019.05.06-17.15.39:914][  0]LogConfig: Setting CVar [[r.ViewDistanceScale:1.0]]
[2019.05.06-17.15.39:915][  0]LogConfig: Applying CVar settings from Section [AntiAliasingQuality@3] File [C:/Users/Dragos/Desktop/Sogarde Studios/Black Hat/Black-Hat/Black_Hat/Saved/Config/Windows/Scalability.ini]
[2019.05.06-17.15.39:915][  0]LogConfig: Setting CVar [[r.PostProcessAAQuality:4]]
[2019.05.06-17.15.39:915][  0]LogConfig: Applying CVar settings from Section [ShadowQuality@3] File [C:/Users/Dragos/Desktop/Sogarde Studios/Black Hat/Black-Hat/Black_Hat/Saved/Config/Windows/Scalability.ini]
[2019.05.06-17.15.39:915][  0]LogConfig: Setting CVar [[r.LightFunctionQuality:1]]
[2019.05.06-17.15.39:915][  0]LogConfig: Setting CVar [[r.ShadowQuality:5]]
[2019.05.06-17.15.39:915][  0]LogConfig: Setting CVar [[r.Shadow.CSM.MaxCascades:10]]
[2019.05.06-17.15.39:915][  0]LogConfig: Setting CVar [[r.Shadow.MaxResolution:2048]]
[2019.05.06-17.15.39:915][  0]LogConfig: Setting CVar [[r.Shadow.MaxCSMResolution:2048]]
[2019.05.06-17.15.39:915][  0]LogConfig: Setting CVar [[r.Shadow.RadiusThreshold:0.01]]
[2019.05.06-17.15.39:915][  0]LogConfig: Setting CVar [[r.Shadow.DistanceScale:1.0]]
[2019.05.06-17.15.39:915][  0]LogConfig: Setting CVar [[r.Shadow.CSM.TransitionScale:1.0]]
[2019.05.06-17.15.39:915][  0]LogConfig: Setting CVar [[r.Shadow.PreShadowResolutionFactor:1.0]]
[2019.05.06-17.15.39:915][  0]LogConfig: Setting CVar [[r.DistanceFieldShadowing:1]]
[2019.05.06-17.15.39:915][  0]LogConfig: Setting CVar [[r.DistanceFieldAO:1]]
[2019.05.06-17.15.39:915][  0]LogConfig: Setting CVar [[r.AOQuality:2]]
[2019.05.06-17.15.39:915][  0]LogConfig: Setting CVar [[r.VolumetricFog:1]]
[2019.05.06-17.15.39:915][  0]LogConfig: Setting CVar [[r.VolumetricFog.GridPixelSize:8]]
[2019.05.06-17.15.39:915][  0]LogConfig: Setting CVar [[r.VolumetricFog.GridSizeZ:128]]
[2019.05.06-17.15.39:915][  0]LogConfig: Setting CVar [[r.VolumetricFog.HistoryMissSupersampleCount:4]]
[2019.05.06-17.15.39:915][  0]LogConfig: Setting CVar [[r.LightMaxDrawDistanceScale:1]]
[2019.05.06-17.15.39:915][  0]LogConfig: Setting CVar [[r.CapsuleShadows:1]]
[2019.05.06-17.15.39:915][  0]LogConfig: Applying CVar settings from Section [PostProcessQuality@3] File [C:/Users/Dragos/Desktop/Sogarde Studios/Black Hat/Black-Hat/Black_Hat/Saved/Config/Windows/Scalability.ini]
[2019.05.06-17.15.39:915][  0]LogConfig: Setting CVar [[r.MotionBlurQuality:4]]
[2019.05.06-17.15.39:915][  0]LogConfig: Setting CVar [[r.AmbientOcclusionMipLevelFactor:0.4]]
[2019.05.06-17.15.39:915][  0]LogConfig: Setting CVar [[r.AmbientOcclusionMaxQuality:100]]
[2019.05.06-17.15.39:915][  0]LogConfig: Setting CVar [[r.AmbientOcclusionLevels:-1]]
[2019.05.06-17.15.39:915][  0]LogConfig: Setting CVar [[r.AmbientOcclusionRadiusScale:1.0]]
[2019.05.06-17.15.39:915][  0]LogConfig: Setting CVar [[r.DepthOfFieldQuality:2]]
[2019.05.06-17.15.39:915][  0]LogConfig: Setting CVar [[r.RenderTargetPoolMin:400]]
[2019.05.06-17.15.39:915][  0]LogConfig: Setting CVar [[r.LensFlareQuality:2]]
[2019.05.06-17.15.39:915][  0]LogConfig: Setting CVar [[r.SceneColorFringeQuality:1]]
[2019.05.06-17.15.39:915][  0]LogConfig: Setting CVar [[r.EyeAdaptationQuality:2]]
[2019.05.06-17.15.39:915][  0]LogConfig: Setting CVar [[r.BloomQuality:5]]
[2019.05.06-17.15.39:915][  0]LogConfig: Setting CVar [[r.FastBlurThreshold:100]]
[2019.05.06-17.15.39:915][  0]LogConfig: Setting CVar [[r.Upscale.Quality:3]]
[2019.05.06-17.15.39:915][  0]LogConfig: Setting CVar [[r.Tonemapper.GrainQuantization:1]]
[2019.05.06-17.15.39:915][  0]LogConfig: Setting CVar [[r.LightShaftQuality:1]]
[2019.05.06-17.15.39:915][  0]LogConfig: Setting CVar [[r.Filter.SizeScale:1]]
[2019.05.06-17.15.39:915][  0]LogConfig: Setting CVar [[r.Tonemapper.Quality:5]]
[2019.05.06-17.15.39:915][  0]LogConfig: Setting CVar [[r.DOF.Gather.AccumulatorQuality:1        ; higher gathering accumulator quality]]
[2019.05.06-17.15.39:915][  0]LogConfig: Setting CVar [[r.DOF.Gather.PostfilterMethod:1          ; Median3x3 postfilering method]]
[2019.05.06-17.15.39:915][  0]LogConfig: Setting CVar [[r.DOF.Gather.EnableBokehSettings:0       ; no bokeh simulation when gathering]]
[2019.05.06-17.15.39:915][  0]LogConfig: Setting CVar [[r.DOF.Gather.RingCount:4                 ; medium number of samples when gathering]]
[2019.05.06-17.15.39:915][  0]LogConfig: Setting CVar [[r.DOF.Scatter.ForegroundCompositing:1    ; additive foreground scattering]]
[2019.05.06-17.15.39:915][  0]LogConfig: Setting CVar [[r.DOF.Scatter.BackgroundCompositing:2    ; additive background scattering]]
[2019.05.06-17.15.39:915][  0]LogConfig: Setting CVar [[r.DOF.Scatter.EnableBokehSettings:1      ; bokeh simulation when scattering]]
[2019.05.06-17.15.39:915][  0]LogConfig: Setting CVar [[r.DOF.Scatter.MaxSpriteRatio:0.1         ; only a maximum of 10% of scattered bokeh]]
[2019.05.06-17.15.39:915][  0]LogConfig: Setting CVar [[r.DOF.Recombine.Quality:1                ; cheap slight out of focus]]
[2019.05.06-17.15.39:915][  0]LogConfig: Setting CVar [[r.DOF.Recombine.EnableBokehSettings:0    ; no bokeh simulation on slight out of focus]]
[2019.05.06-17.15.39:915][  0]LogConfig: Setting CVar [[r.DOF.TemporalAAQuality:1                ; more stable temporal accumulation]]
[2019.05.06-17.15.39:915][  0]LogConfig: Setting CVar [[r.DOF.Kernel.MaxForegroundRadius:0.025]]
[2019.05.06-17.15.39:915][  0]LogConfig: Setting CVar [[r.DOF.Kernel.MaxBackgroundRadius:0.025]]
[2019.05.06-17.15.39:915][  0]LogConfig: Applying CVar settings from Section [TextureQuality@3] File [C:/Users/Dragos/Desktop/Sogarde Studios/Black Hat/Black-Hat/Black_Hat/Saved/Config/Windows/Scalability.ini]
[2019.05.06-17.15.39:915][  0]LogConfig: Setting CVar [[r.Streaming.MipBias:0]]
[2019.05.06-17.15.39:915][  0]LogConfig: Setting CVar [[r.Streaming.AmortizeCPUToGPUCopy:0]]
[2019.05.06-17.15.39:915][  0]LogConfig: Setting CVar [[r.Streaming.MaxNumTexturesToStreamPerFrame:0]]
[2019.05.06-17.15.39:915][  0]LogConfig: Setting CVar [[r.Streaming.Boost:1]]
[2019.05.06-17.15.39:915][  0]LogConfig: Setting CVar [[r.MaxAnisotropy:8]]
[2019.05.06-17.15.39:915][  0]LogConfig: Setting CVar [[r.Streaming.LimitPoolSizeToVRAM:0]]
[2019.05.06-17.15.39:915][  0]LogConfig: Setting CVar [[r.Streaming.PoolSize:1000]]
[2019.05.06-17.15.39:915][  0]LogConfig: Setting CVar [[r.Streaming.MaxEffectiveScreenSize:0]]
[2019.05.06-17.15.39:915][  0]LogConfig: Applying CVar settings from Section [EffectsQuality@3] File [C:/Users/Dragos/Desktop/Sogarde Studios/Black Hat/Black-Hat/Black_Hat/Saved/Config/Windows/Scalability.ini]
[2019.05.06-17.15.39:915][  0]LogConfig: Setting CVar [[r.TranslucencyLightingVolumeDim:64]]
[2019.05.06-17.15.39:915][  0]LogConfig: Setting CVar [[r.RefractionQuality:2]]
[2019.05.06-17.15.39:915][  0]LogConfig: Setting CVar [[r.SSR.Quality:3]]
[2019.05.06-17.15.39:915][  0]LogConfig: Setting CVar [[r.SceneColorFormat:4]]
[2019.05.06-17.15.39:915][  0]LogConfig: Setting CVar [[r.DetailMode:2]]
[2019.05.06-17.15.39:915][  0]LogConfig: Setting CVar [[r.TranslucencyVolumeBlur:1]]
[2019.05.06-17.15.39:915][  0]LogConfig: Setting CVar [[r.MaterialQualityLevel:1 ; High quality]]
[2019.05.06-17.15.39:915][  0]LogConfig: Setting CVar [[r.SSS.Scale:1]]
[2019.05.06-17.15.39:915][  0]LogConfig: Setting CVar [[r.SSS.SampleSet:2]]
[2019.05.06-17.15.39:915][  0]LogConfig: Setting CVar [[r.SSS.Quality:1]]
[2019.05.06-17.15.39:915][  0]LogConfig: Setting CVar [[r.SSS.HalfRes:1]]
[2019.05.06-17.15.39:915][  0]LogConfig: Setting CVar [[r.EmitterSpawnRateScale:1.0]]
[2019.05.06-17.15.39:915][  0]LogConfig: Setting CVar [[r.ParticleLightQuality:2]]
[2019.05.06-17.15.39:915][  0]LogConfig: Applying CVar settings from Section [FoliageQuality@3] File [C:/Users/Dragos/Desktop/Sogarde Studios/Black Hat/Black-Hat/Black_Hat/Saved/Config/Windows/Scalability.ini]
[2019.05.06-17.15.39:915][  0]LogConfig: Setting CVar [[foliage.DensityScale:1.0]]
[2019.05.06-17.15.39:915][  0]LogConfig: Setting CVar [[grass.DensityScale:1.0]]
[2019.05.06-17.15.39:915][  0]LogConfig: Applying CVar settings from Section [Startup] File [../../../Engine/Config/ConsoleVariables.ini]
[2019.05.06-17.15.39:915][  0]LogConfig: Setting CVar [[net.UseAdaptiveNetUpdateFrequency:0]]
[2019.05.06-17.15.39:915][  0]LogConfig: Setting CVar [[p.chaos.AllowCreatePhysxBodies:1]]
[2019.05.06-17.15.39:916][  0]LogConfig: Applying CVar settings from Section [ConsoleVariables] File [C:/Users/Dragos/Desktop/Sogarde Studios/Black Hat/Black-Hat/Black_Hat/Saved/Config/Windows/Engine.ini]
[2019.05.06-17.15.39:916][  0]LogInit: Computer: VENGENCE
[2019.05.06-17.15.39:916][  0]LogInit: User: Dragos
[2019.05.06-17.15.39:916][  0]LogInit: CPU Page size=4096, Cores=4
[2019.05.06-17.15.39:916][  0]LogInit: High frequency timer resolution =3.421880 MHz
[2019.05.06-17.15.39:916][  0]LogMemory: Memory total: Physical=15.9GB (16GB approx)
[2019.05.06-17.15.39:916][  0]LogMemory: Platform Memory Stats for Windows
[2019.05.06-17.15.39:916][  0]LogMemory: Process Physical Memory: 96.64 MB used, 96.64 MB peak
[2019.05.06-17.15.39:916][  0]LogMemory: Process Virtual Memory: 91.94 MB used, 91.94 MB peak
[2019.05.06-17.15.39:916][  0]LogMemory: Physical Memory: 8079.54 MB used,  8210.83 MB free, 16290.36 MB total
[2019.05.06-17.15.39:916][  0]LogMemory: Virtual Memory: 4649.83 MB used,  134213080.00 MB free, 134217728.00 MB total
[2019.05.06-17.15.39:935][  0]LogInit: Using OS detected language (en-US).
[2019.05.06-17.15.39:935][  0]LogInit: Using OS detected locale (en-US).
[2019.05.06-17.15.39:935][  0]LogTextLocalizationManager: No specific localization for 'en-US' exists, so the 'en' localization will be used.
[2019.05.06-17.15.40:053][  0]LogInit: Setting process to per monitor DPI aware
[2019.05.06-17.15.40:074][  0]LogSlate: New Slate User Created.  User Index 0, Is Virtual User: 0
[2019.05.06-17.15.40:074][  0]LogSlate: Slate User Registered.  User Index 0, Is Virtual User: 0
[2019.05.06-17.15.40:195][  0]LogHMD: Failed to initialize OpenVR with code 110
[2019.05.06-17.15.40:195][  0]LogD3D11RHI: D3D11 adapters:
[2019.05.06-17.15.40:238][  0]LogD3D11RHI:    0. 'NVIDIA GeForce GTX 1070' (Feature Level 11_0)
[2019.05.06-17.15.40:238][  0]LogD3D11RHI:       8088/0/8145 MB DedicatedVideo/DedicatedSystem/SharedSystem, Outputs:2, VendorId:0x10de
[2019.05.06-17.15.40:240][  0]LogD3D11RHI:    1. 'Microsoft Basic Render Driver' (Feature Level 11_0)
[2019.05.06-17.15.40:240][  0]LogD3D11RHI:       0/0/8145 MB DedicatedVideo/DedicatedSystem/SharedSystem, Outputs:0, VendorId:0x1414
[2019.05.06-17.15.40:240][  0]LogD3D11RHI: Chosen D3D11 Adapter: 0
[2019.05.06-17.15.40:246][  0]LogD3D11RHI: Creating new Direct3DDevice
[2019.05.06-17.15.40:246][  0]LogD3D11RHI:     GPU DeviceId: 0x1b81 (for the marketing name, search the web for "GPU Device Id")
[2019.05.06-17.15.40:246][  0]LogWindows: EnumDisplayDevices:
[2019.05.06-17.15.40:246][  0]LogWindows:    0. 'NVIDIA GeForce GTX 1070' (P:1 D:1)
[2019.05.06-17.15.40:246][  0]LogWindows:    1. 'NVIDIA GeForce GTX 1070' (P:0 D:1)
[2019.05.06-17.15.40:246][  0]LogWindows:    2. 'NVIDIA GeForce GTX 1070' (P:0 D:0)
[2019.05.06-17.15.40:246][  0]LogWindows:    3. 'NVIDIA GeForce GTX 1070' (P:0 D:0)
[2019.05.06-17.15.40:246][  0]LogWindows: DebugString: FoundDriverCount:4 
[2019.05.06-17.15.40:246][  0]LogD3D11RHI:     Adapter Name: NVIDIA GeForce GTX 1070
[2019.05.06-17.15.40:246][  0]LogD3D11RHI:   Driver Version: 430.39 (internal:26.21.14.3039, unified:430.39)
[2019.05.06-17.15.40:246][  0]LogD3D11RHI:      Driver Date: 4-17-2019
[2019.05.06-17.15.40:246][  0]LogRHI: Texture pool is 5661 MB (70% of 8088 MB)
[2019.05.06-17.15.40:276][  0]LogD3D11RHI: Async texture creation enabled
[2019.05.06-17.15.40:287][  0]LogRendererCore: FGlobalReadBuffer::InitRHI
[2019.05.06-17.15.40:287][  0]LogRendererCore: FGlobalReadBuffer::InitRHI
[2019.05.06-17.15.40:287][  0]LogRendererCore: FGlobalReadBuffer::InitRHI
[2019.05.06-17.15.40:294][  0]LogD3D11RHI: GPU Timing Frequency: 1000.000000 (Debug: 2 1)
[2019.05.06-17.15.40:626][  0]LogTemp: Display: Module 'AllDesktopTargetPlatform' loaded TargetPlatform 'AllDesktop'
[2019.05.06-17.15.40:636][  0]LogTemp: Display: Module 'MacClientTargetPlatform' loaded TargetPlatform 'MacClient'
[2019.05.06-17.15.40:646][  0]LogTemp: Display: Module 'MacNoEditorTargetPlatform' loaded TargetPlatform 'MacNoEditor'
[2019.05.06-17.15.40:658][  0]LogTemp: Display: Module 'MacServerTargetPlatform' loaded TargetPlatform 'MacServer'
[2019.05.06-17.15.40:669][  0]LogTemp: Display: Module 'MacTargetPlatform' loaded TargetPlatform 'Mac'
[2019.05.06-17.15.40:681][  0]LogTemp: Display: Module 'WindowsClientTargetPlatform' loaded TargetPlatform 'WindowsClient'
[2019.05.06-17.15.40:692][  0]LogTemp: Display: Module 'WindowsNoEditorTargetPlatform' loaded TargetPlatform 'WindowsNoEditor'
[2019.05.06-17.15.40:703][  0]LogTemp: Display: Module 'WindowsServerTargetPlatform' loaded TargetPlatform 'WindowsServer'
[2019.05.06-17.15.40:708][  0]LogTemp: Display: Module 'WindowsTargetPlatform' loaded TargetPlatform 'Windows'
[2019.05.06-17.15.40:770][  0]LogTemp: Display: Module 'AndroidTargetPlatform' loaded TargetPlatform 'Android'
[2019.05.06-17.15.40:770][  0]LogTemp: Display: Module 'AndroidTargetPlatform' loaded TargetPlatform 'Android_ASTC'
[2019.05.06-17.15.40:770][  0]LogTemp: Display: Module 'AndroidTargetPlatform' loaded TargetPlatform 'Android_ATC'
[2019.05.06-17.15.40:770][  0]LogTemp: Display: Module 'AndroidTargetPlatform' loaded TargetPlatform 'Android_DXT'
[2019.05.06-17.15.40:770][  0]LogTemp: Display: Module 'AndroidTargetPlatform' loaded TargetPlatform 'Android_ETC1'
[2019.05.06-17.15.40:770][  0]LogTemp: Display: Module 'AndroidTargetPlatform' loaded TargetPlatform 'Android_ETC1a'
[2019.05.06-17.15.40:770][  0]LogTemp: Display: Module 'AndroidTargetPlatform' loaded TargetPlatform 'Android_ETC2'
[2019.05.06-17.15.40:770][  0]LogTemp: Display: Module 'AndroidTargetPlatform' loaded TargetPlatform 'Android_PVRTC'
[2019.05.06-17.15.40:770][  0]LogTemp: Display: Module 'AndroidTargetPlatform' loaded TargetPlatform 'AndroidClient'
[2019.05.06-17.15.40:770][  0]LogTemp: Display: Module 'AndroidTargetPlatform' loaded TargetPlatform 'Android_ASTCClient'
[2019.05.06-17.15.40:770][  0]LogTemp: Display: Module 'AndroidTargetPlatform' loaded TargetPlatform 'Android_ATCClient'
[2019.05.06-17.15.40:770][  0]LogTemp: Display: Module 'AndroidTargetPlatform' loaded TargetPlatform 'Android_DXTClient'
[2019.05.06-17.15.40:770][  0]LogTemp: Display: Module 'AndroidTargetPlatform' loaded TargetPlatform 'Android_ETC1Client'
[2019.05.06-17.15.40:770][  0]LogTemp: Display: Module 'AndroidTargetPlatform' loaded TargetPlatform 'Android_ETC1aClient'
[2019.05.06-17.15.40:770][  0]LogTemp: Display: Module 'AndroidTargetPlatform' loaded TargetPlatform 'Android_ETC2Client'
[2019.05.06-17.15.40:770][  0]LogTemp: Display: Module 'AndroidTargetPlatform' loaded TargetPlatform 'Android_PVRTCClient'
[2019.05.06-17.15.40:770][  0]LogTemp: Display: Module 'AndroidTargetPlatform' loaded TargetPlatform 'Android_Multi'
[2019.05.06-17.15.40:770][  0]LogTemp: Display: Module 'AndroidTargetPlatform' loaded TargetPlatform 'Android_MultiClient'
[2019.05.06-17.15.40:771][  0]LogTemp: Display: Module 'HTML5TargetPlatform' loaded TargetPlatform 'HTML5'
[2019.05.06-17.15.40:813][  0]LogTemp: Display: Module 'IOSTargetPlatform' loaded TargetPlatform 'IOSClient'
[2019.05.06-17.15.40:813][  0]LogTemp: Display: Module 'IOSTargetPlatform' loaded TargetPlatform 'IOS'
[2019.05.06-17.15.40:831][  0]LogTemp: Display: Module 'TVOSTargetPlatform' loaded TargetPlatform 'TVOSClient'
[2019.05.06-17.15.40:831][  0]LogTemp: Display: Module 'TVOSTargetPlatform' loaded TargetPlatform 'TVOS'
[2019.05.06-17.15.40:841][  0]LogTemp: Display: Module 'LinuxClientTargetPlatform' loaded TargetPlatform 'LinuxClient'
[2019.05.06-17.15.40:850][  0]LogTemp: Display: Module 'LinuxNoEditorTargetPlatform' loaded TargetPlatform 'LinuxNoEditor'
[2019.05.06-17.15.40:860][  0]LogTemp: Display: Module 'LinuxServerTargetPlatform' loaded TargetPlatform 'LinuxServer'
[2019.05.06-17.15.40:869][  0]LogTemp: Display: Module 'LinuxTargetPlatform' loaded TargetPlatform 'Linux'
[2019.05.06-17.15.40:903][  0]LogTemp: Display: Module 'LuminTargetPlatform' loaded TargetPlatform 'Lumin'
[2019.05.06-17.15.40:903][  0]LogTemp: Display: Module 'LuminTargetPlatform' loaded TargetPlatform 'LuminClient'
[2019.05.06-17.15.40:903][  0]LogTargetPlatformManager: Display: Building Assets For Windows
[2019.05.06-17.15.40:909][  0]LogAudioDebug: Display: Lib vorbis DLL was dynamically loaded.
[2019.05.06-17.15.40:956][  0]LogShaderCompilers: Guid format shader working directory is -38 characters bigger than the processId version (../../../../../../Users/Dragos/Desktop/Sogarde Studios/Black Hat/Black-Hat/Black_Hat/Intermediate/Shaders/WorkingDirectory/16056/).
[2019.05.06-17.15.40:956][  0]LogShaderCompilers: Cleaned the shader compiler working directory 'C:/Users/Dragos/AppData/Local/Temp/UnrealShaderWorkingDir/DDF5219D43773659C1B5FBBFBB7658A4/'.
[2019.05.06-17.15.40:958][  0]LogXGEController: Cleaning working directory: C:/Users/Dragos/AppData/Local/Temp/UnrealXGEWorkingDir/
[2019.05.06-17.15.40:958][  0]LogXGEController: Cannot use XGE Controller as Incredibuild is not installed on this machine.
[2019.05.06-17.15.40:958][  0]LogShaderCompilers: Cannot use XGE Shader Compiler as Incredibuild is not installed on this machine.
[2019.05.06-17.15.40:958][  0]LogShaderCompilers: Display: Using Local Shader Compiler.
[2019.05.06-17.15.41:400][  0]LogDerivedDataCache: Display: Max Cache Size: 512 MB
[2019.05.06-17.15.41:439][  0]LogDerivedDataCache: Loaded boot cache 0.04s 71MB C:/Users/Dragos/AppData/Local/UnrealEngine/4.22/DerivedDataCache/Boot.ddc.
[2019.05.06-17.15.41:439][  0]LogDerivedDataCache: Display: Loaded Boot cache: C:/Users/Dragos/AppData/Local/UnrealEngine/4.22/DerivedDataCache/Boot.ddc
[2019.05.06-17.15.41:439][  0]LogDerivedDataCache: FDerivedDataBackendGraph:  Pak pak cache file ../../../../../../Users/Dragos/Desktop/Sogarde Studios/Black Hat/Black-Hat/Black_Hat/DerivedDataCache/DDC.ddp not found, will not use a pak cache.
[2019.05.06-17.15.41:439][  0]LogDerivedDataCache: Unable to find inner node Pak for hierarchical cache Hierarchy.
[2019.05.06-17.15.41:439][  0]LogDerivedDataCache: FDerivedDataBackendGraph:  CompressedPak pak cache file ../../../../../../Users/Dragos/Desktop/Sogarde Studios/Black Hat/Black-Hat/Black_Hat/DerivedDataCache/Compressed.ddp not found, will not use a pak cache.
[2019.05.06-17.15.41:439][  0]LogDerivedDataCache: Unable to find inner node CompressedPak for hierarchical cache Hierarchy.
[2019.05.06-17.15.41:450][  0]LogDerivedDataCache: Display: Pak cache opened for reading ../../../Engine/DerivedDataCache/Compressed.ddp.
[2019.05.06-17.15.41:450][  0]LogDerivedDataCache: FDerivedDataBackendGraph:  EnterprisePak pak cache file ../../../Enterprise/DerivedDataCache/Compressed.ddp not found, will not use a pak cache.
[2019.05.06-17.15.41:450][  0]LogDerivedDataCache: Unable to find inner node EnterprisePak for hierarchical cache Hierarchy.
[2019.05.06-17.15.41:462][  0]LogDerivedDataCache: Using Local data cache path C:/Users/Dragos/AppData/Local/UnrealEngine/Common/DerivedDataCache: Writable
[2019.05.06-17.15.41:462][  0]LogDerivedDataCache: Shared data cache path not found in *engine.ini, will not use an Shared cache.
[2019.05.06-17.15.41:462][  0]LogDerivedDataCache: Unable to find inner node Shared for hierarchical cache Hierarchy.
[2019.05.06-17.15.41:478][  0]LogMaterial: Verifying Global Shaders for PCD3D_SM5
[2019.05.06-17.15.41:479][  0]LogSlate: Using FreeType 2.6.0
[2019.05.06-17.15.41:479][  0]LogSlate: SlateFontServices - WITH_FREETYPE: 1, WITH_HARFBUZZ: 1
[2019.05.06-17.15.41:550][  0]LogAssetRegistry: FAssetRegistry took 0.0309 seconds to start up
[2019.05.06-17.15.41:807][  0]LogInit: Selected Device Profile: [Windows]
[2019.05.06-17.15.41:911][  0]LogMeshReduction: Using QuadricMeshReduction for automatic static mesh reduction
[2019.05.06-17.15.41:911][  0]LogMeshReduction: Using SimplygonMeshReduction for automatic skeletal mesh reduction
[2019.05.06-17.15.41:911][  0]LogMeshReduction: Using ProxyLODMeshReduction for automatic mesh merging
[2019.05.06-17.15.41:911][  0]LogMeshReduction: No distributed automatic mesh merging module available
[2019.05.06-17.15.41:911][  0]LogMeshMerging: No distributed automatic mesh merging module available
[2019.05.06-17.15.41:919][  0]LogNetVersion: Black_Hat 1.0.0, NetCL: 5660361, EngineNetVer: 10, GameNetVer: 0 (Checksum: 758776665)
[2019.05.06-17.15.42:252][  0]LogPackageLocalizationCache: Processed 10 localized package path(s) for 1 prioritized culture(s) in 0.031616 seconds
[2019.05.06-17.15.42:257][  0]LogUObjectArray: 42205 objects as part of root set at end of initial load.
[2019.05.06-17.15.42:257][  0]LogUObjectAllocator: 7325032 out of 0 bytes used by permanent object pool.
[2019.05.06-17.15.42:257][  0]LogUObjectArray: CloseDisregardForGC: 0/0 objects in disregard for GC pool
[2019.05.06-17.15.42:895][  0]LogTcpMessaging: Initializing TcpMessaging bridge
[2019.05.06-17.15.42:908][  0]LogUdpMessaging: Initializing bridge on interface 0.0.0.0:0 to multicast group 230.0.0.1:6666.
[2019.05.06-17.15.43:023][  0]SourceControl: Source control is disabled
[2019.05.06-17.15.43:023][  0]SourceControl: Source control is disabled
[2019.05.06-17.15.43:024][  0]SourceControl: Source control is disabled
[2019.05.06-17.15.43:025][  0]SourceControl: Source control is disabled
[2019.05.06-17.15.43:075][  0]LogAndroidPermission: UAndroidPermissionCallbackProxy::GetInstance
[2019.05.06-17.15.43:167][  0]LogOcInput: OculusInput pre-init called
[2019.05.06-17.15.43:722][  0]LogEngine: Initializing Engine...
[2019.05.06-17.15.43:722][  0]LogHMD: Failed to initialize OpenVR with code 110
[2019.05.06-17.15.43:723][  0]LogStats: UGameplayTagsManager::InitializeManager -  0.000 s
[2019.05.06-17.15.43:885][  0]LogInit: Initializing FReadOnlyCVARCache
[2019.05.06-17.15.43:895][  0]LogAIModule: Creating AISystem for world Untitled
[2019.05.06-17.15.43:951][  0]LogInit: XAudio2 using 'Speakers (Realtek High Definition Audio)' : 2 channels at 48 kHz using 32 bits per sample (channel mask 0x3)
[2019.05.06-17.15.43:981][  0]LogInit: FAudioDevice initialized.
[2019.05.06-17.15.43:981][  0]LogNetVersion: Set ProjectVersion to 1.0.0.0. Version Checksum will be recalculated on next use.
[2019.05.06-17.15.44:087][  0]LogDerivedDataCache: Saved boot cache 0.11s 71MB C:/Users/Dragos/AppData/Local/UnrealEngine/4.22/DerivedDataCache/Boot.ddc.
[2019.05.06-17.15.44:099][  0]LogInit: Texture streaming: Enabled
[2019.05.06-17.15.44:112][  0]LogEngineSessionManager: EngineSessionManager initialized
[2019.05.06-17.15.44:127][  0]LogInit: Transaction tracking system initialized
[2019.05.06-17.15.44:145][  0]BlueprintLog: New page: Editor Load
[2019.05.06-17.15.44:207][  0]LocalizationService: Localization service is disabled
[2019.05.06-17.15.44:323][  0]LogLinker: Warning: Can't find file '/Game/ThirdPersonBP/ThirdPersonOverview'
[2019.05.06-17.15.44:323][  0]LogLinker: Warning: Can't find file '/Game/ThirdPersonBP/ThirdPersonOverview'
[2019.05.06-17.15.44:323][  0]LogUObjectGlobals: Warning: Failed to find object 'Class /Game/ThirdPersonBP/ThirdPersonOverview.ThirdPersonOverview_C'
[2019.05.06-17.15.44:467][  0]LogCook: Display: Max memory allowance for cook 16384mb min free memory 0mb
[2019.05.06-17.15.44:467][  0]LogCook: Display: Mobile HDR setting 1
[2019.05.06-17.15.44:600][  0]LogFileCache: Scanning file cache for directory 'C:/Users/Dragos/Desktop/Sogarde Studios/Black Hat/Black-Hat/Black_Hat/Content/' took 0.03s
[2019.05.06-17.15.44:600][  0]SourceControl: Source control is disabled
[2019.05.06-17.15.44:600][  0]Cmd: MAP LOAD FILE="../../../../../../Users/Dragos/Desktop/Sogarde Studios/Black Hat/Black-Hat/Black_Hat/Content/SideScrollerBP/Maps/SideScrollerExampleMap.umap" TEMPLATE=0 SHOWPROGRESS=1 FEATURELEVEL=3
[2019.05.06-17.15.44:600][  0]LogEditorServer: Warning: Can't find file '../../../../../../Users/Dragos/Desktop/Sogarde Studios/Black Hat/Black-Hat/Black_Hat/Content/SideScrollerBP/Maps/SideScrollerExampleMap.umap'
[2019.05.06-17.15.44:600][  0]Cmd: MAP CHECKDEP NOCLEARLOG
[2019.05.06-17.15.44:600][  0]MapCheck: Map check complete: 0 Error(s), 0 Warning(s), took 0.087ms to complete.
[2019.05.06-17.15.44:600][  0]LogFileHelpers: Loading map 'SideScrollerExampleMap' took 0.000
[2019.05.06-17.15.44:687][  0]LogSlate: Updating window title bar state: overlay mode, drag disabled, window buttons hidden, title bar hidden
[2019.05.06-17.15.44:692][  0]LogSlate: Updating window title bar state: overlay mode, drag disabled, window buttons hidden, title bar hidden
[2019.05.06-17.15.44:698][  0]LogSlate: Updating window title bar state: overlay mode, drag disabled, window buttons hidden, title bar hidden
[2019.05.06-17.15.44:704][  0]LogSlate: Updating window title bar state: overlay mode, drag disabled, window buttons hidden, title bar hidden
[2019.05.06-17.15.44:709][  0]LogCollectionManager: Loaded 0 collections in 0.001696 seconds
[2019.05.06-17.15.44:735][  0]LogFileCache: Scanning file cache for directory 'C:/Users/Dragos/Desktop/Sogarde Studios/Black Hat/Black-Hat/Black_Hat/Saved/Collections/' took 0.01s
[2019.05.06-17.15.44:735][  0]LogFileCache: Scanning file cache for directory 'C:/Users/Dragos/Desktop/Sogarde Studios/Black Hat/Black-Hat/Black_Hat/Content/Developers/Dragos/Collections/' took 0.01s
[2019.05.06-17.15.44:735][  0]LogFileCache: Scanning file cache for directory 'C:/Users/Dragos/Desktop/Sogarde Studios/Black Hat/Black-Hat/Black_Hat/Content/Collections/' took 0.00s
[2019.05.06-17.15.44:735][  0]LogCollectionManager: Rebuilt the GUID cache for 0 collections in 0.000000 seconds
[2019.05.06-17.15.44:741][  0]LogContentBrowser: Native class hierarchy populated in 0.0063 seconds. Added 2732 classes and 659 folders.
[2019.05.06-17.15.44:746][  0]LogContentBrowser: Native class hierarchy updated for 'WidgetCarousel' in 0.0002 seconds. Added 0 classes and 0 folders.
[2019.05.06-17.15.44:747][  0]LogPakFile: Registered encryption key '00000000000000000000000000000000': 0 pak files mounted, 0 remain pending
[2019.05.06-17.15.44:747][  0]LogPakFile: Registered encryption key '00000000000000000000000000000000': 0 pak files mounted, 0 remain pending
[2019.05.06-17.15.44:748][  0]LogPakFile: Registered encryption key '00000000000000000000000000000000': 0 pak files mounted, 0 remain pending
[2019.05.06-17.15.44:748][  0]LogPakFile: Registered encryption key '00000000000000000000000000000000': 0 pak files mounted, 0 remain pending
[2019.05.06-17.15.44:748][  0]LogPakFile: Registered encryption key '00000000000000000000000000000000': 0 pak files mounted, 0 remain pending
[2019.05.06-17.15.44:748][  0]LogPakFile: Registered encryption key '00000000000000000000000000000000': 0 pak files mounted, 0 remain pending
[2019.05.06-17.15.44:749][  0]LogPakFile: Registered encryption key '00000000000000000000000000000000': 0 pak files mounted, 0 remain pending
[2019.05.06-17.15.44:749][  0]LogPakFile: Registered encryption key '00000000000000000000000000000000': 0 pak files mounted, 0 remain pending
[2019.05.06-17.15.44:750][  0]LogPakFile: Registered encryption key '00000000000000000000000000000000': 0 pak files mounted, 0 remain pending
[2019.05.06-17.15.44:750][  0]LogPakFile: Registered encryption key '00000000000000000000000000000000': 0 pak files mounted, 0 remain pending
[2019.05.06-17.15.44:750][  0]LogPakFile: Registered encryption key '00000000000000000000000000000000': 0 pak files mounted, 0 remain pending
[2019.05.06-17.15.44:751][  0]LogPakFile: Registered encryption key '00000000000000000000000000000000': 0 pak files mounted, 0 remain pending
[2019.05.06-17.15.44:751][  0]LogPakFile: Registered encryption key '00000000000000000000000000000000': 0 pak files mounted, 0 remain pending
[2019.05.06-17.15.44:751][  0]LogPakFile: Registered encryption key '00000000000000000000000000000000': 0 pak files mounted, 0 remain pending
[2019.05.06-17.15.44:752][  0]LogPakFile: Registered encryption key '00000000000000000000000000000000': 0 pak files mounted, 0 remain pending
[2019.05.06-17.15.44:752][  0]LogPakFile: Registered encryption key '00000000000000000000000000000000': 0 pak files mounted, 0 remain pending
[2019.05.06-17.15.44:752][  0]LogPakFile: Registered encryption key '00000000000000000000000000000000': 0 pak files mounted, 0 remain pending
[2019.05.06-17.15.44:752][  0]LogPakFile: Registered encryption key '00000000000000000000000000000000': 0 pak files mounted, 0 remain pending
[2019.05.06-17.15.44:753][  0]LogPakFile: Registered encryption key '00000000000000000000000000000000': 0 pak files mounted, 0 remain pending
[2019.05.06-17.15.44:753][  0]LogPakFile: Registered encryption key '00000000000000000000000000000000': 0 pak files mounted, 0 remain pending
[2019.05.06-17.15.44:753][  0]LogPakFile: Registered encryption key '00000000000000000000000000000000': 0 pak files mounted, 0 remain pending
[2019.05.06-17.15.44:754][  0]LogPakFile: Registered encryption key '00000000000000000000000000000000': 0 pak files mounted, 0 remain pending
[2019.05.06-17.15.44:754][  0]LogPakFile: Registered encryption key '00000000000000000000000000000000': 0 pak files mounted, 0 remain pending
[2019.05.06-17.15.44:754][  0]LogPakFile: Registered encryption key '00000000000000000000000000000000': 0 pak files mounted, 0 remain pending
[2019.05.06-17.15.44:755][  0]LogPakFile: Registered encryption key '00000000000000000000000000000000': 0 pak files mounted, 0 remain pending
[2019.05.06-17.15.44:755][  0]LogPakFile: Registered encryption key '00000000000000000000000000000000': 0 pak files mounted, 0 remain pending
[2019.05.06-17.15.44:776][  0]LogContentBrowser: Native class hierarchy updated for 'AddContentDialog' in 0.0002 seconds. Added 0 classes and 0 folders.
[2019.05.06-17.15.44:779][  0]LogContentBrowser: Native class hierarchy updated for 'SceneOutliner' in 0.0002 seconds. Added 1 classes and 2 folders.
[2019.05.06-17.15.44:819][  0]LogSlate: Took 0.000109 seconds to synchronously load lazily loaded font '../../../Engine/Content/Slate/Fonts/Roboto-Regular.ttf' (155K)
[2019.05.06-17.15.44:820][  0]LogSlate: Took 0.000132 seconds to synchronously load lazily loaded font '../../../Engine/Content/Slate/Fonts/Roboto-Bold.ttf' (160K)
[2019.05.06-17.15.44:825][  0]LogSlate: Took 0.000152 seconds to synchronously load lazily loaded font '../../../Engine/Content/Editor/Slate/Fonts/FontAwesome.ttf' (139K)
[2019.05.06-17.15.44:872][  0]LogRenderer: Reallocating scene render targets to support 1184x560 Format 10 NumSamples 1 (Frame:1).
[2019.05.06-17.15.44:968][  0]LogContentBrowser: Native class hierarchy updated for 'HierarchicalLODOutliner' in 0.0002 seconds. Added 0 classes and 0 folders.
[2019.05.06-17.15.44:968][  0]LogLoad: (Engine Initialization) Total time: 6.33 seconds
[2019.05.06-17.15.44:968][  0]LogLoad: (Engine Initialization) Total Blueprint compile time: 0.00 seconds
[2019.05.06-17.15.45:019][  0]LogAssetRegistry: Asset discovery search completed in 3.4916 seconds
[2019.05.06-17.15.45:021][  0]LogCollectionManager: Rebuilt the object cache for 0 collections in 0.000000 seconds (found 0 objects)
[2019.05.06-17.15.45:021][  0]LogCollectionManager: Fixed up redirectors for 0 collections in 0.000039 seconds (updated 0 objects)
[2019.05.06-17.15.45:022][  0]LogContentStreaming: Texture pool size now 1000 MB
[2019.05.06-17.15.45:036][  0]LogSlate: Took 0.000087 seconds to synchronously load lazily loaded font '../../../Engine/Content/Slate/Fonts/Roboto-Light.ttf' (167K)
[2019.05.06-17.15.46:330][  4]LogSlate: Took 0.000342 seconds to synchronously load lazily loaded font '../../../Engine/Content/Slate/Fonts/Roboto-Light.ttf' (167K)
[2019.05.06-17.16.30:495][136]LogSlate: FSceneViewport::OnFocusLost() reason 0
[2019.05.06-17.16.30:529][136]LogAssetEditorManager: Opening Asset editor for Blueprint /Game/Blueprints/Computer.Computer
[2019.05.06-17.16.30:726][136]LogContentBrowser: Native class hierarchy updated for 'BlueprintGraph' in 0.0004 seconds. Added 121 classes and 0 folders.
[2019.05.06-17.16.31:368][136]LogAssetEditorManager: Opening Asset editor for Blueprint /Game/HQ_ResidentialHouse/Actors/BP_Safe.BP_Safe
[2019.05.06-17.16.31:633][136]LogSlate: Took 0.000139 seconds to synchronously load lazily loaded font '../../../Engine/Content/Slate/Fonts/Roboto-BoldCondensed.ttf' (158K)
[2019.05.06-17.16.31:702][137]LogSlate: Took 0.000149 seconds to synchronously load lazily loaded font '../../../Engine/Content/Slate/Fonts/Roboto-Italic.ttf' (157K)
[2019.05.06-17.16.34:988][463]LogSavePackage: Moving '../../../../../../Users/Dragos/Desktop/Sogarde Studios/Black Hat/Black-Hat/Black_Hat/Saved/BP_Safe2C6B25D8421995445D848287B11B8837.tmp' to '../../../../../../Users/Dragos/Desktop/Sogarde Studios/Black Hat/Black-Hat/Black_Hat/Content/HQ_ResidentialHouse/Actors/BP_Safe.uasset'
[2019.05.06-17.16.35:753][553]LogSlate: FSceneViewport::OnFocusLost() reason 0
[2019.05.06-17.16.35:823][561]LogSlate: Window 'BP_Safe' being destroyed
[2019.05.06-17.16.35:826][561]LogSlate: Window 'BP_Safe' being destroyed
[2019.05.06-17.16.35:881][561]LogActorComponent: UnregisterComponent: (/Engine/Transient.EditorFloorComp) Not registered. Aborting.
[2019.05.06-17.16.37:173][709]LogSlate: FSceneViewport::OnFocusLost() reason 0
[2019.05.06-17.16.41:732][219]LogAIModule: Creating AISystem for world Main_Level
[2019.05.06-17.16.41:755][219]LogAssetEditorManager: Opening Asset editor for World /Game/SideScrollerBP/Maps/Main_Level.Main_Level
[2019.05.06-17.16.41:788][219]LogUObjectHash: Compacting FUObjectHashTables data took   2.51ms
[2019.05.06-17.16.41:789][219]Cmd: MAP LOAD FILE="../../../../../../Users/Dragos/Desktop/Sogarde Studios/Black Hat/Black-Hat/Black_Hat/Content/SideScrollerBP/Maps/Main_Level.umap" TEMPLATE=0 SHOWPROGRESS=1 FEATURELEVEL=3
[2019.05.06-17.16.41:789][219]LightingResults: New page: Lighting Build
[2019.05.06-17.16.41:791][219]LogBlueprintActionDatabase: Requesting refresh due to module change: StatsViewer (loaded)
[2019.05.06-17.16.41:791][219]LogContentBrowser: Native class hierarchy updated for 'StatsViewer' in 0.0002 seconds. Added 5 classes and 0 folders.
[2019.05.06-17.16.41:791][219]LoadErrors: New page: Loading map: Main_Level.umap
[2019.05.06-17.16.41:791][219]MapCheck: New page: Map Check
[2019.05.06-17.16.41:792][219]LightingResults: New page: Lighting Build
[2019.05.06-17.16.41:818][219]LogUObjectHash: Compacting FUObjectHashTables data took   1.65ms
[2019.05.06-17.16.41:894][219]LogEditorServer: Finished looking for orphan Actors (0.000 secs)
[2019.05.06-17.16.41:920][219]LogUObjectHash: Compacting FUObjectHashTables data took   1.59ms
[2019.05.06-17.16.41:943][219]Cmd: MAP CHECKDEP NOCLEARLOG
[2019.05.06-17.16.41:943][219]MapCheck: Map check complete: 0 Error(s), 0 Warning(s), took 0.107ms to complete.
[2019.05.06-17.16.41:943][219]LogFileHelpers: Loading map 'Main_Level' took 0.156
[2019.05.06-17.16.44:067][441]LogTemp: Repeating last play command: Selected Viewport
[2019.05.06-17.16.44:078][441]LogBlueprintUserMessages: Early PlayInEditor Detection: Level '/Game/SideScrollerBP/Maps/Main_Level.Main_Level:PersistentLevel' has LevelScriptBlueprint '/Game/SideScrollerBP/Maps/Main_Level.Main_Level:PersistentLevel.Main_Level' with GeneratedClass '/Game/SideScrollerBP/Maps/Main_Level.Main_Level_C' with ClassGeneratedBy '/Game/SideScrollerBP/Maps/Main_Level.Main_Level:PersistentLevel.Main_Level'
[2019.05.06-17.16.44:078][441]LogPlayLevel: PlayLevel: No blueprints needed recompiling
[2019.05.06-17.16.44:079][441]PIE: New page: PIE session: Main_Level (May 6, 2019, 9:16:44 AM)
[2019.05.06-17.16.44:091][441]LogPlayLevel: Creating play world package: /Game/SideScrollerBP/Maps/UEDPIE_0_Main_Level
[2019.05.06-17.16.44:101][441]LogPlayLevel: PIE: StaticDuplicateObject took: (0.009782s)
[2019.05.06-17.16.44:101][441]LogAIModule: Creating AISystem for world Main_Level
[2019.05.06-17.16.44:101][441]LogPlayLevel: PIE: World Init took: (0.000484s)
[2019.05.06-17.16.44:101][441]LogPlayLevel: PIE: Created PIE world by copying editor world from /Game/SideScrollerBP/Maps/Main_Level.Main_Level to /Game/SideScrollerBP/Maps/UEDPIE_0_Main_Level.Main_Level (0.010506s)
[2019.05.06-17.16.44:159][441]LogUObjectHash: Compacting FUObjectHashTables data took   3.13ms
[2019.05.06-17.16.44:168][441]LogInit: XAudio2 using 'Speakers (Realtek High Definition Audio)' : 2 channels at 48 kHz using 32 bits per sample (channel mask 0x3)
[2019.05.06-17.16.44:196][441]LogInit: FAudioDevice initialized.
[2019.05.06-17.16.44:243][441]LogLoad: Game class is 'SideScrollerGameMode_C'
[2019.05.06-17.16.44:247][441]LogWorld: Bringing World /Game/SideScrollerBP/Maps/UEDPIE_0_Main_Level.Main_Level up for play (max tick rate 0) at 2019.05.06-13.16.44
[2019.05.06-17.16.44:248][441]LogWorld: Bringing up level for play took: 0.003906
[2019.05.06-17.16.44:265][441]LogBlueprintActionDatabase: Requesting refresh due to module change: Voice (loaded)
[2019.05.06-17.16.44:268][441]LogBlueprintActionDatabase: Requesting refresh due to module change: MovieSceneCapture (loaded)
[2019.05.06-17.16.44:269][441]LogContentBrowser: Native class hierarchy updated for 'MovieSceneCapture' in 0.0004 seconds. Added 20 classes and 0 folders.
[2019.05.06-17.16.44:270][441]PIE: Play in editor start time for /Game/SideScrollerBP/Maps/UEDPIE_0_Main_Level 1.106
[2019.05.06-17.16.44:270][441]LogBlueprintUserMessages: Late PlayInEditor Detection: Level '/Game/SideScrollerBP/Maps/Main_Level.Main_Level:PersistentLevel' has LevelScriptBlueprint '/Game/SideScrollerBP/Maps/Main_Level.Main_Level:PersistentLevel.Main_Level' with GeneratedClass '/Game/SideScrollerBP/Maps/Main_Level.Main_Level_C' with ClassGeneratedBy '/Game/SideScrollerBP/Maps/Main_Level.Main_Level:PersistentLevel.Main_Level'
[2019.05.06-17.16.55:078][709]LogBlueprintUserMessages: Early EndPlayMap Detection: Level '/Game/SideScrollerBP/Maps/Main_Level.Main_Level:PersistentLevel' has LevelScriptBlueprint '/Game/SideScrollerBP/Maps/Main_Level.Main_Level:PersistentLevel.Main_Level' with GeneratedClass '/Game/SideScrollerBP/Maps/Main_Level.Main_Level_C' with ClassGeneratedBy '/Game/SideScrollerBP/Maps/Main_Level.Main_Level:PersistentLevel.Main_Level'
[2019.05.06-17.16.55:078][709]LogSlate: Updating window title bar state: overlay mode, drag disabled, window buttons hidden, title bar hidden
[2019.05.06-17.16.55:104][709]LogPlayLevel: Display: Shutting down PIE online subsystems
[2019.05.06-17.16.55:104][709]LogBlueprintUserMessages: Late EndPlayMap Detection: Level '/Game/SideScrollerBP/Maps/Main_Level.Main_Level:PersistentLevel' has LevelScriptBlueprint '/Game/SideScrollerBP/Maps/Main_Level.Main_Level:PersistentLevel.Main_Level' with GeneratedClass '/Game/SideScrollerBP/Maps/Main_Level.Main_Level_C' with ClassGeneratedBy '/Game/SideScrollerBP/Maps/Main_Level.Main_Level:PersistentLevel.Main_Level'
[2019.05.06-17.16.55:145][709]LogSlate: Updating window title bar state: overlay mode, drag disabled, window buttons hidden, title bar hidden
[2019.05.06-17.16.55:179][709]LogUObjectHash: Compacting FUObjectHashTables data took   3.41ms
[2019.05.06-17.16.55:191][710]LogPlayLevel: Display: Destroying online subsystem :Context_5
[2019.05.06-17.16.58:580][105]LogSlate: FSceneViewport::OnFocusLost() reason 0
[2019.05.06-17.16.58:646][113]LogTemp: Repeating last play command: Selected Viewport
[2019.05.06-17.16.58:657][113]LogBlueprintUserMessages: Early PlayInEditor Detection: Level '/Game/SideScrollerBP/Maps/Main_Level.Main_Level:PersistentLevel' has LevelScriptBlueprint '/Game/SideScrollerBP/Maps/Main_Level.Main_Level:PersistentLevel.Main_Level' with GeneratedClass '/Game/SideScrollerBP/Maps/Main_Level.Main_Level_C' with ClassGeneratedBy '/Game/SideScrollerBP/Maps/Main_Level.Main_Level:PersistentLevel.Main_Level'
[2019.05.06-17.16.58:657][113]LogPlayLevel: PlayLevel: No blueprints needed recompiling
[2019.05.06-17.16.58:657][113]PIE: New page: PIE session: Main_Level (May 6, 2019, 9:16:58 AM)
[2019.05.06-17.16.58:657][113]LogPlayLevel: Creating play world package: /Game/SideScrollerBP/Maps/UEDPIE_0_Main_Level
[2019.05.06-17.16.58:664][113]LogPlayLevel: PIE: StaticDuplicateObject took: (0.006145s)
[2019.05.06-17.16.58:664][113]LogAIModule: Creating AISystem for world Main_Level
[2019.05.06-17.16.58:664][113]LogPlayLevel: PIE: World Init took: (0.000379s)
[2019.05.06-17.16.58:664][113]LogPlayLevel: PIE: Created PIE world by copying editor world from /Game/SideScrollerBP/Maps/Main_Level.Main_Level to /Game/SideScrollerBP/Maps/UEDPIE_0_Main_Level.Main_Level (0.006864s)
[2019.05.06-17.16.58:690][113]LogUObjectHash: Compacting FUObjectHashTables data took   1.48ms
[2019.05.06-17.16.58:699][113]LogInit: XAudio2 using 'Speakers (Realtek High Definition Audio)' : 2 channels at 48 kHz using 32 bits per sample (channel mask 0x3)
[2019.05.06-17.16.58:726][113]LogInit: FAudioDevice initialized.
